<?xml version="1.0" encoding="UTF-8"?>
<!-- Generated by org.testng.reporters.JUnitReportReporter -->
<testsuite hostname="DESKTOP-NURI5ER" failures="0" tests="1" name="com.inetbanking.testCases.run1" time="9.651" errors="0" timestamp="2020-12-16T12:25:44 IST" skipped="0">
  <testcase classname="com.inetbanking.testCases.run1" name="test1" time="9.651"/>
  <system-out/>
</testsuite> <!-- com.inetbanking.testCases.run1 -->
