<?xml version="1.0" encoding="UTF-8"?>
<!-- Generated by org.testng.reporters.JUnitReportReporter -->
<testsuite hostname="DESKTOP-NURI5ER" failures="0" tests="1" name="com.inetbanking.testCases.LogInDDT" time="0.000" errors="0" timestamp="2020-12-16T12:24:04 IST" skipped="1">
  <testcase classname="com.inetbanking.testCases.LogInDDT" name="loginDDT" time="0.000">
    <skipped/>
  </testcase> <!-- loginDDT -->
  <system-out/>
</testsuite> <!-- com.inetbanking.testCases.LogInDDT -->
