<?xml version="1.0" encoding="UTF-8"?>
<!-- Generated by org.testng.reporters.JUnitReportReporter -->
<testsuite hostname="DESKTOP-NURI5ER" failures="0" tests="1" name="com.inetbanking.testCases.run1" time="20.152" errors="0" timestamp="08 Dec 2020 08:13:43 GMT" skipped="0">
  <testcase classname="com.inetbanking.testCases.run1" name="test1" time="20.152"/>
</testsuite> <!-- com.inetbanking.testCases.run1 -->
